<?xml version="1.0" encoding="UTF-8" ?>
<testsuite tests="22" failures="3" name="TestSuite" time="3.933" errors="0" skipped="19">
  <properties>
[...]
</properties>
  <testcase classname="com.crm.qa.testcases.ContactsPageTest" name="validatecreateNewContacts" time="1.94">
    <skipped/>
    <system-out>Configuring TestNG with: org.apache.maven.surefire.testng.conf.TestNG652Configurator@6bc168e5
</system-out>
    <system-err>java.io.FileNotFoundException: C:\Users\vijaya\Desktop\Webdriver12\Work\FreeCRMTestAutomation\src\main\java\com\crm\qa\config\config.properties (The system cannot find the path specified)
	at java.io.FileInputStream.open0(Native Method)
	at java.io.FileInputStream.open(FileInputStream.java:195)
	at java.io.FileInputStream.&lt;init&gt;(FileInputStream.java:138)
	at java.io.FileInputStream.&lt;init&gt;(FileInputStream.java:93)
	at com.crm.qa.base.TestBase.&lt;init&gt;(TestBase.java:22)
	at com.crm.qa.testcases.LoginPageTest.&lt;init&gt;(LoginPageTest.java:18)
	at sun.reflect.NativeConstructorAccessorImpl.newInstance0(Native Method)
	at sun.reflect.NativeConstructorAccessorImpl.newInstance(NativeConstructorAccessorImpl.java:62)
	at sun.reflect.DelegatingConstructorAccessorImpl.newInstance(DelegatingConstructorAccessorImpl.java:45)
	at java.lang.reflect.Constructor.newInstance(Constructor.java:423)
	at org.testng.internal.ObjectFactoryImpl.newInstance(ObjectFactoryImpl.java:29)
	at org.testng.internal.ClassHelper.createInstance1(ClassHelper.java:387)
	at org.testng.internal.ClassHelper.createInstance(ClassHelper.java:299)
	at org.testng.internal.ClassImpl.getDefaultInstance(ClassImpl.java:110)
	at org.testng.internal.ClassImpl.getInstances(ClassImpl.java:186)
	at org.testng.internal.TestNGClassFinder.&lt;init&gt;(TestNGClassFinder.java:120)
	at org.testng.TestRunner.initMethods(TestRunner.java:409)
	at org.testng.TestRunner.init(TestRunner.java:235)
	at org.testng.TestRunner.init(TestRunner.java:205)
	at org.testng.TestRunner.&lt;init&gt;(TestRunner.java:153)
	at org.testng.SuiteRunner$DefaultTestRunnerFactory.newTestRunner(SuiteRunner.java:522)
	at org.testng.SuiteRunner.init(SuiteRunner.java:157)
	at org.testng.SuiteRunner.&lt;init&gt;(SuiteRunner.java:111)
	at org.testng.TestNG.createSuiteRunner(TestNG.java:1273)
	at org.testng.TestNG.createSuiteRunners(TestNG.java:1260)
	at org.testng.TestNG.runSuitesLocally(TestNG.java:1114)
	at org.testng.TestNG.run(TestNG.java:1031)
	at org.apache.maven.surefire.testng.TestNGExecutor.run(TestNGExecutor.java:77)
	at org.apache.maven.surefire.testng.TestNGDirectoryTestSuite.executeMulti(TestNGDirectoryTestSuite.java:159)
	at org.apache.maven.surefire.testng.TestNGDirectoryTestSuite.execute(TestNGDirectoryTestSuite.java:99)
	at org.apache.maven.surefire.testng.TestNGProvider.invoke(TestNGProvider.java:106)
	at sun.reflect.NativeMethodAccessorImpl.invoke0(Native Method)
	at sun.reflect.NativeMethodAccessorImpl.invoke(NativeMethodAccessorImpl.java:62)
	at sun.reflect.DelegatingMethodAccessorImpl.invoke(DelegatingMethodAccessorImpl.java:43)
	at java.lang.reflect.Method.invoke(Method.java:498)
	at org.apache.maven.surefire.util.ReflectionUtils.invokeMethodWithArray(ReflectionUtils.java:189)
	at org.apache.maven.surefire.booter.ProviderFactory$ProviderProxy.invoke(ProviderFactory.java:165)
	at org.apache.maven.surefire.booter.ProviderFactory.invokeProvider(ProviderFactory.java:85)
	at org.apache.maven.surefire.booter.ForkedBooter.runSuitesInProcess(ForkedBooter.java:115)
	at org.apache.maven.surefire.booter.ForkedBooter.main(ForkedBooter.java:75)
java.io.FileNotFoundException: C:\Users\vijaya\Desktop\Webdriver12\Work\FreeCRMTestAutomation\src\main\java\com\crm\qa\config\config.properties (The system cannot find the path specified)
	at java.io.FileInputStream.open0(Native Method)
	at java.io.FileInputStream.open(FileInputStream.java:195)
	at java.io.FileInputStream.&lt;init&gt;(FileInputStream.java:138)
	at java.io.FileInputStream.&lt;init&gt;(FileInputStream.java:93)
	at com.crm.qa.base.TestBase.&lt;init&gt;(TestBase.java:22)
	at com.crm.qa.testcases.ContactsPageTest.&lt;init&gt;(ContactsPageTest.java:22)
	at sun.reflect.NativeConstructorAccessorImpl.newInstance0(Native Method)
	at sun.reflect.NativeConstructorAccessorImpl.newInstance(NativeConstructorAccessorImpl.java:62)
	at sun.reflect.DelegatingConstructorAccessorImpl.newInstance(DelegatingConstructorAccessorImpl.java:45)
	at java.lang.reflect.Constructor.newInstance(Constructor.java:423)
	at org.testng.internal.ObjectFactoryImpl.newInstance(ObjectFactoryImpl.java:29)
	at org.testng.internal.ClassHelper.createInstance1(ClassHelper.java:387)
	at org.testng.internal.ClassHelper.createInstance(ClassHelper.java:299)
	at org.testng.internal.ClassImpl.getDefaultInstance(ClassImpl.java:110)
	at org.testng.internal.ClassImpl.getInstances(ClassImpl.java:186)
	at org.testng.internal.TestNGClassFinder.&lt;init&gt;(TestNGClassFinder.java:120)
	at org.testng.TestRunner.initMethods(TestRunner.java:409)
	at org.testng.TestRunner.init(TestRunner.java:235)
	at org.testng.TestRunner.init(TestRunner.java:205)
	at org.testng.TestRunner.&lt;init&gt;(TestRunner.java:153)
	at org.testng.SuiteRunner$DefaultTestRunnerFactory.newTestRunner(SuiteRunner.java:522)
	at org.testng.SuiteRunner.init(SuiteRunner.java:157)
	at org.testng.SuiteRunner.&lt;init&gt;(SuiteRunner.java:111)
	at org.testng.TestNG.createSuiteRunner(TestNG.java:1273)
	at org.testng.TestNG.createSuiteRunners(TestNG.java:1260)
	at org.testng.TestNG.runSuitesLocally(TestNG.java:1114)
	at org.testng.TestNG.run(TestNG.java:1031)
	at org.apache.maven.surefire.testng.TestNGExecutor.run(TestNGExecutor.java:77)
	at org.apache.maven.surefire.testng.TestNGDirectoryTestSuite.executeMulti(TestNGDirectoryTestSuite.java:159)
	at org.apache.maven.surefire.testng.TestNGDirectoryTestSuite.execute(TestNGDirectoryTestSuite.java:99)
	at org.apache.maven.surefire.testng.TestNGProvider.invoke(TestNGProvider.java:106)
	at sun.reflect.NativeMethodAccessorImpl.invoke0(Native Method)
	at sun.reflect.NativeMethodAccessorImpl.invoke(NativeMethodAccessorImpl.java:62)
	at sun.reflect.DelegatingMethodAccessorImpl.invoke(DelegatingMethodAccessorImpl.java:43)
	at java.lang.reflect.Method.invoke(Method.java:498)
	at org.apache.maven.surefire.util.ReflectionUtils.invokeMethodWithArray(ReflectionUtils.java:189)
	at org.apache.maven.surefire.booter.ProviderFactory$ProviderProxy.invoke(ProviderFactory.java:165)
	at org.apache.maven.surefire.booter.ProviderFactory.invokeProvider(ProviderFactory.java:85)
	at org.apache.maven.surefire.booter.ForkedBooter.runSuitesInProcess(ForkedBooter.java:115)
	at org.apache.maven.surefire.booter.ForkedBooter.main(ForkedBooter.java:75)
java.io.FileNotFoundException: C:\Users\vijaya\Desktop\Webdriver12\Work\FreeCRMTestAutomation\src\main\java\com\crm\qa\config\config.properties (The system cannot find the path specified)
	at java.io.FileInputStream.open0(Native Method)
	at java.io.FileInputStream.open(FileInputStream.java:195)
	at java.io.FileInputStream.&lt;init&gt;(FileInputStream.java:138)
	at java.io.FileInputStream.&lt;init&gt;(FileInputStream.java:93)
	at com.crm.qa.base.TestBase.&lt;init&gt;(TestBase.java:22)
	at com.crm.qa.testcases.HomePageTest.&lt;init&gt;(HomePageTest.java:21)
	at sun.reflect.NativeConstructorAccessorImpl.newInstance0(Native Method)
	at sun.reflect.NativeConstructorAccessorImpl.newInstance(NativeConstructorAccessorImpl.java:62)
	at sun.reflect.DelegatingConstructorAccessorImpl.newInstance(DelegatingConstructorAccessorImpl.java:45)
	at java.lang.reflect.Constructor.newInstance(Constructor.java:423)
	at org.testng.internal.ObjectFactoryImpl.newInstance(ObjectFactoryImpl.java:29)
	at org.testng.internal.ClassHelper.createInstance1(ClassHelper.java:387)
	at org.testng.internal.ClassHelper.createInstance(ClassHelper.java:299)
	at org.testng.internal.ClassImpl.getDefaultInstance(ClassImpl.java:110)
	at org.testng.internal.ClassImpl.getInstances(ClassImpl.java:186)
	at org.testng.internal.TestNGClassFinder.&lt;init&gt;(TestNGClassFinder.java:120)
	at org.testng.TestRunner.initMethods(TestRunner.java:409)
	at org.testng.TestRunner.init(TestRunner.java:235)
	at org.testng.TestRunner.init(TestRunner.java:205)
	at org.testng.TestRunner.&lt;init&gt;(TestRunner.java:153)
	at org.testng.SuiteRunner$DefaultTestRunnerFactory.newTestRunner(SuiteRunner.java:522)
	at org.testng.SuiteRunner.init(SuiteRunner.java:157)
	at org.testng.SuiteRunner.&lt;init&gt;(SuiteRunner.java:111)
	at org.testng.TestNG.createSuiteRunner(TestNG.java:1273)
	at org.testng.TestNG.createSuiteRunners(TestNG.java:1260)
	at org.testng.TestNG.runSuitesLocally(TestNG.java:1114)
	at org.testng.TestNG.run(TestNG.java:1031)
	at org.apache.maven.surefire.testng.TestNGExecutor.run(TestNGExecutor.java:77)
	at org.apache.maven.surefire.testng.TestNGDirectoryTestSuite.executeMulti(TestNGDirectoryTestSuite.java:159)
	at org.apache.maven.surefire.testng.TestNGDirectoryTestSuite.execute(TestNGDirectoryTestSuite.java:99)
	at org.apache.maven.surefire.testng.TestNGProvider.invoke(TestNGProvider.java:106)
	at sun.reflect.NativeMethodAccessorImpl.invoke0(Native Method)
	at sun.reflect.NativeMethodAccessorImpl.invoke(NativeMethodAccessorImpl.java:62)
	at sun.reflect.DelegatingMethodAccessorImpl.invoke(DelegatingMethodAccessorImpl.java:43)
	at java.lang.reflect.Method.invoke(Method.java:498)
	at org.apache.maven.surefire.util.ReflectionUtils.invokeMethodWithArray(ReflectionUtils.java:189)
	at org.apache.maven.surefire.booter.ProviderFactory$ProviderProxy.invoke(ProviderFactory.java:165)
	at org.apache.maven.surefire.booter.ProviderFactory.invokeProvider(ProviderFactory.java:85)
	at org.apache.maven.surefire.booter.ForkedBooter.runSuitesInProcess(ForkedBooter.java:115)
	at org.apache.maven.surefire.booter.ForkedBooter.main(ForkedBooter.java:75)
java.io.FileNotFoundException: C:\Users\vijaya\Desktop\Webdriver12\Work\FreeCRMTestAutomation\src\main\java\com\crm\qa\config\config.properties (The system cannot find the path specified)
	at java.io.FileInputStream.open0(Native Method)
	at java.io.FileInputStream.open(FileInputStream.java:195)
	at java.io.FileInputStream.&lt;init&gt;(FileInputStream.java:138)
	at java.io.FileInputStream.&lt;init&gt;(FileInputStream.java:93)
	at com.crm.qa.base.TestBase.&lt;init&gt;(TestBase.java:22)
	at com.crm.qa.utilities.TestUtil.&lt;init&gt;(TestUtil.java:10)
	at com.crm.qa.testcases.HomePageTest.&lt;init&gt;(HomePageTest.java:19)
	at sun.reflect.NativeConstructorAccessorImpl.newInstance0(Native Method)
	at sun.reflect.NativeConstructorAccessorImpl.newInstance(NativeConstructorAccessorImpl.java:62)
	at sun.reflect.DelegatingConstructorAccessorImpl.newInstance(DelegatingConstructorAccessorImpl.java:45)
	at java.lang.reflect.Constructor.newInstance(Constructor.java:423)
	at org.testng.internal.ObjectFactoryImpl.newInstance(ObjectFactoryImpl.java:29)
	at org.testng.internal.ClassHelper.createInstance1(ClassHelper.java:387)
	at org.testng.internal.ClassHelper.createInstance(ClassHelper.java:299)
	at org.testng.internal.ClassImpl.getDefaultInstance(ClassImpl.java:110)
	at org.testng.internal.ClassImpl.getInstances(ClassImpl.java:186)
	at org.testng.internal.TestNGClassFinder.&lt;init&gt;(TestNGClassFinder.java:120)
	at org.testng.TestRunner.initMethods(TestRunner.java:409)
	at org.testng.TestRunner.init(TestRunner.java:235)
	at org.testng.TestRunner.init(TestRunner.java:205)
	at org.testng.TestRunner.&lt;init&gt;(TestRunner.java:153)
	at org.testng.SuiteRunner$DefaultTestRunnerFactory.newTestRunner(SuiteRunner.java:522)
	at org.testng.SuiteRunner.init(SuiteRunner.java:157)
	at org.testng.SuiteRunner.&lt;init&gt;(SuiteRunner.java:111)
	at org.testng.TestNG.createSuiteRunner(TestNG.java:1273)
	at org.testng.TestNG.createSuiteRunners(TestNG.java:1260)
	at org.testng.TestNG.runSuitesLocally(TestNG.java:1114)
	at org.testng.TestNG.run(TestNG.java:1031)
	at org.apache.maven.surefire.testng.TestNGExecutor.run(TestNGExecutor.java:77)
	at org.apache.maven.surefire.testng.TestNGDirectoryTestSuite.executeMulti(TestNGDirectoryTestSuite.java:159)
	at org.apache.maven.surefire.testng.TestNGDirectoryTestSuite.execute(TestNGDirectoryTestSuite.java:99)
	at org.apache.maven.surefire.testng.TestNGProvider.invoke(TestNGProvider.java:106)
	at sun.reflect.NativeMethodAccessorImpl.invoke0(Native Method)
	at sun.reflect.NativeMethodAccessorImpl.invoke(NativeMethodAccessorImpl.java:62)
	at sun.reflect.DelegatingMethodAccessorImpl.invoke(DelegatingMethodAccessorImpl.java:43)
	at java.lang.reflect.Method.invoke(Method.java:498)
	at org.apache.maven.surefire.util.ReflectionUtils.invokeMethodWithArray(ReflectionUtils.java:189)
	at org.apache.maven.surefire.booter.ProviderFactory$ProviderProxy.invoke(ProviderFactory.java:165)
	at org.apache.maven.surefire.booter.ProviderFactory.invokeProvider(ProviderFactory.java:85)
	at org.apache.maven.surefire.booter.ForkedBooter.runSuitesInProcess(ForkedBooter.java:115)
	at org.apache.maven.surefire.booter.ForkedBooter.main(ForkedBooter.java:75)
</system-err>
  </testcase>
  <testcase classname="com.crm.qa.testcases.HomePageTest" name="setup" time="1.962">
    <failure type="java.lang.NullPointerException">java.lang.NullPointerException
	at com.crm.qa.base.TestBase.initialize(TestBase.java:34)
	at com.crm.qa.testcases.HomePageTest.setup(HomePageTest.java:26)
</failure>
  </testcase>
  <testcase classname="com.crm.qa.testcases.HomePageTest" name="verifyContactsLinkTest" time="0">
    <skipped/>
  </testcase>
  <testcase classname="com.crm.qa.testcases.HomePageTest" name="tearDown" time="0">
    <skipped/>
  </testcase>
  <testcase classname="com.crm.qa.testcases.HomePageTest" name="setup" time="0.001">
    <skipped/>
  </testcase>
  <testcase classname="com.crm.qa.testcases.HomePageTest" name="verifyHomePageTitleTest" time="0.001">
    <skipped/>
  </testcase>
  <testcase classname="com.crm.qa.testcases.HomePageTest" name="tearDown" time="0.001">
    <skipped/>
  </testcase>
  <testcase classname="com.crm.qa.testcases.HomePageTest" name="setup" time="0.001">
    <skipped/>
  </testcase>
  <testcase classname="com.crm.qa.testcases.HomePageTest" name="verifyUsernameTest" time="0">
    <skipped/>
  </testcase>
  <testcase classname="com.crm.qa.testcases.HomePageTest" name="tearDown" time="0.008">
    <skipped/>
  </testcase>
  <testcase classname="com.crm.qa.testcases.LoginPageTest" name="setup" time="0.008">
    <failure type="java.lang.NullPointerException">java.lang.NullPointerException
	at com.crm.qa.base.TestBase.initialize(TestBase.java:34)
	at com.crm.qa.testcases.LoginPageTest.setup(LoginPageTest.java:24)
</failure>
  </testcase>
  <testcase classname="com.crm.qa.testcases.LoginPageTest" name="LoginPageTitleTest" time="0">
    <skipped/>
  </testcase>
  <testcase classname="com.crm.qa.testcases.LoginPageTest" name="abc" time="0.001">
    <skipped/>
  </testcase>
  <testcase classname="com.crm.qa.testcases.LoginPageTest" name="setup" time="0.005">
    <skipped/>
  </testcase>
  <testcase classname="com.crm.qa.testcases.LoginPageTest" name="crmImageLogoTest" time="0">
    <skipped/>
  </testcase>
  <testcase classname="com.crm.qa.testcases.LoginPageTest" name="abc" time="0">
    <skipped/>
  </testcase>
  <testcase classname="com.crm.qa.testcases.LoginPageTest" name="setup" time="0.001">
    <skipped/>
  </testcase>
  <testcase classname="com.crm.qa.testcases.LoginPageTest" name="loginTest" time="0">
    <skipped/>
  </testcase>
  <testcase classname="com.crm.qa.testcases.LoginPageTest" name="abc" time="0">
    <skipped/>
  </testcase>
  <testcase classname="com.crm.qa.testcases.ContactsPageTest" name="setup" time="0.002">
    <failure type="java.lang.NullPointerException">java.lang.NullPointerException
	at com.crm.qa.base.TestBase.initialize(TestBase.java:34)
	at com.crm.qa.testcases.ContactsPageTest.setup(ContactsPageTest.java:27)
</failure>
  </testcase>
  <testcase classname="com.crm.qa.testcases.ContactsPageTest" name="verifyContactsLabelTest" time="0.001">
    <skipped/>
  </testcase>
  <testcase classname="com.crm.qa.testcases.ContactsPageTest" name="abc" time="0.001">
    <skipped/>
  </testcase>
</testsuite>